<?xml version="1.0" encoding="UTF-8"?>
<!-- Generated by org.testng.reporters.JUnitXMLReporter -->
<testsuite ignored="0" hostname="IN-PG02NKHN" failures="0" tests="3" name="Test" time="19.623" errors="0" timestamp="13 Mar 2024 10:20:40 GMT">
  <testcase classname="tests.CheckAppliciacnesOption" name="Application" time="3.544"/>
  <testcase classname="tests.AddToCartTest" name="AddToCart" time="3.799"/>
  <testcase classname="tests.AddToCartTest" name="switchscreen" time="3.341"/>
</testsuite> <!-- Test -->
