<?xml version="1.0" encoding="UTF-8"?>
<testng-results ignored="0" total="2" passed="1" failed="1" skipped="0">
  <reporter-output>
  </reporter-output>
  <suite started-at="2024-03-15T10:45:16Z" name="Default suite" finished-at="2024-03-15T10:45:23Z" duration-ms="6806">
    <groups>
      <group name="regression">
        <method signature="CheckDropdownPriceFilterInWatch.FilterDropdown()[pri:2, instance:tests.CheckDropdownPriceFilterInWatch@3e792ce3]" name="FilterDropdown" class="tests.CheckDropdownPriceFilterInWatch"/>
        <method signature="CheckDropdownPriceFilterInWatch.searchproduct()[pri:1, instance:tests.CheckDropdownPriceFilterInWatch@3e792ce3]" name="searchproduct" class="tests.CheckDropdownPriceFilterInWatch"/>
      </group> <!-- regression -->
      <group name="smoke">
        <method signature="CheckDropdownPriceFilterInWatch.FilterDropdown()[pri:2, instance:tests.CheckDropdownPriceFilterInWatch@3e792ce3]" name="FilterDropdown" class="tests.CheckDropdownPriceFilterInWatch"/>
        <method signature="CheckDropdownPriceFilterInWatch.searchproduct()[pri:1, instance:tests.CheckDropdownPriceFilterInWatch@3e792ce3]" name="searchproduct" class="tests.CheckDropdownPriceFilterInWatch"/>
      </group> <!-- smoke -->
    </groups>
    <test started-at="2024-03-15T10:45:16Z" name="Default test" finished-at="2024-03-15T10:45:23Z" duration-ms="6806">
      <class name="tests.CheckDropdownPriceFilterInWatch">
        <test-method is-config="true" signature="setup()[pri:0, instance:tests.CheckDropdownPriceFilterInWatch@3e792ce3]" started-at="2024-03-15T16:15:16Z" name="setup" finished-at="2024-03-15T16:15:20Z" duration-ms="3833" status="PASS">
          <reporter-output>
          </reporter-output>
        </test-method> <!-- setup -->
        <test-method signature="searchproduct()[pri:1, instance:tests.CheckDropdownPriceFilterInWatch@3e792ce3]" started-at="2024-03-15T16:15:20Z" name="searchproduct" finished-at="2024-03-15T16:15:22Z" duration-ms="2388" status="PASS">
          <reporter-output>
          </reporter-output>
        </test-method> <!-- searchproduct -->
        <test-method signature="FilterDropdown()[pri:2, instance:tests.CheckDropdownPriceFilterInWatch@3e792ce3]" started-at="2024-03-15T16:15:22Z" name="FilterDropdown" finished-at="2024-03-15T16:15:22Z" duration-ms="63" status="FAIL">
          <exception class="org.openqa.selenium.support.ui.UnexpectedTagNameException">
            <message>
              <![CDATA[Element should have been "select" but was "option"
Build info: version: '4.18.1', revision: 'b1d3319b48'
System info: os.name: 'Windows 11', os.arch: 'amd64', os.version: '10.0', java.version: '17.0.7'
Driver info: driver.version: unknown]]>
            </message>
            <full-stacktrace>
              <![CDATA[org.openqa.selenium.support.ui.UnexpectedTagNameException: Element should have been "select" but was "option"
Build info: version: '4.18.1', revision: 'b1d3319b48'
System info: os.name: 'Windows 11', os.arch: 'amd64', os.version: '10.0', java.version: '17.0.7'
Driver info: driver.version: unknown
	at org.openqa.selenium.support.ui.Select.<init>(Select.java:46)
	at tests.CheckDropdownPriceFilterInWatch.FilterDropdown(CheckDropdownPriceFilterInWatch.java:130)
	at java.base/jdk.internal.reflect.NativeMethodAccessorImpl.invoke0(Native Method)
	at java.base/jdk.internal.reflect.NativeMethodAccessorImpl.invoke(NativeMethodAccessorImpl.java:77)
	at java.base/jdk.internal.reflect.DelegatingMethodAccessorImpl.invoke(DelegatingMethodAccessorImpl.java:43)
	at java.base/java.lang.reflect.Method.invoke(Method.java:568)
	at org.testng.internal.MethodInvocationHelper.invokeMethod(MethodInvocationHelper.java:108)
	at org.testng.internal.Invoker.invokeMethod(Invoker.java:661)
	at org.testng.internal.Invoker.invokeTestMethod(Invoker.java:869)
	at org.testng.internal.Invoker.invokeTestMethods(Invoker.java:1193)
	at org.testng.internal.TestMethodWorker.invokeTestMethods(TestMethodWorker.java:126)
	at org.testng.internal.TestMethodWorker.run(TestMethodWorker.java:109)
	at org.testng.TestRunner.privateRun(TestRunner.java:744)
	at org.testng.TestRunner.run(TestRunner.java:602)
	at org.testng.SuiteRunner.runTest(SuiteRunner.java:380)
	at org.testng.SuiteRunner.runSequentially(SuiteRunner.java:375)
	at org.testng.SuiteRunner.privateRun(SuiteRunner.java:340)
	at org.testng.SuiteRunner.run(SuiteRunner.java:289)
	at org.testng.SuiteRunnerWorker.runSuite(SuiteRunnerWorker.java:52)
	at org.testng.SuiteRunnerWorker.run(SuiteRunnerWorker.java:86)
	at org.testng.TestNG.runSuitesSequentially(TestNG.java:1301)
	at org.testng.TestNG.runSuitesLocally(TestNG.java:1226)
	at org.testng.TestNG.runSuites(TestNG.java:1144)
	at org.testng.TestNG.run(TestNG.java:1115)
	at org.testng.remote.AbstractRemoteTestNG.run(AbstractRemoteTestNG.java:115)
	at org.testng.remote.RemoteTestNG.initAndRun(RemoteTestNG.java:251)
	at org.testng.remote.RemoteTestNG.main(RemoteTestNG.java:77)
]]>
            </full-stacktrace>
          </exception> <!-- org.openqa.selenium.support.ui.UnexpectedTagNameException -->
          <reporter-output>
          </reporter-output>
        </test-method> <!-- FilterDropdown -->
        <test-method is-config="true" signature="close()[pri:0, instance:tests.CheckDropdownPriceFilterInWatch@3e792ce3]" started-at="2024-03-15T16:15:22Z" name="close" finished-at="2024-03-15T16:15:23Z" duration-ms="495" status="PASS">
          <reporter-output>
          </reporter-output>
        </test-method> <!-- close -->
      </class> <!-- tests.CheckDropdownPriceFilterInWatch -->
    </test> <!-- Default test -->
  </suite> <!-- Default suite -->
</testng-results>
